c:\users\b019594l\onedrive - staffordshire university\foggs\opengl\hellogl\hellogl\debug\vc142.pdb
c:\users\b019594l\onedrive - staffordshire university\foggs\opengl\hellogl\hellogl\debug\vc142.idb
c:\users\b019594l\onedrive - staffordshire university\foggs\opengl\hellogl\hellogl\debug\hellogl.obj
c:\users\b019594l\onedrive - staffordshire university\foggs\opengl\hellogl\hellogl\debug\main.obj
c:\users\b019594l\onedrive - staffordshire university\foggs\opengl\hellogl\hellogl\debug\glutcallbacks.obj
c:\users\b019594l\onedrive - staffordshire university\foggs\opengl\hellogl\hellogl\debug\cube.obj
c:\users\b019594l\onedrive - staffordshire university\foggs\opengl\hellogl\debug\hellogl.exe
c:\users\b019594l\onedrive - staffordshire university\foggs\opengl\hellogl\debug\hellogl.ilk
c:\users\b019594l\onedrive - staffordshire university\foggs\opengl\hellogl\debug\hellogl.pdb
c:\users\b019594l\onedrive - staffordshire university\foggs\opengl\hellogl\hellogl\debug\cube.obj.enc
c:\users\b019594l\onedrive - staffordshire university\foggs\opengl\hellogl\hellogl\debug\hellogl.tlog\cl.command.1.tlog
c:\users\b019594l\onedrive - staffordshire university\foggs\opengl\hellogl\hellogl\debug\hellogl.tlog\cl.read.1.tlog
c:\users\b019594l\onedrive - staffordshire university\foggs\opengl\hellogl\hellogl\debug\hellogl.tlog\cl.write.1.tlog
c:\users\b019594l\onedrive - staffordshire university\foggs\opengl\hellogl\hellogl\debug\hellogl.tlog\link.4848-cvtres.read.1.tlog
c:\users\b019594l\onedrive - staffordshire university\foggs\opengl\hellogl\hellogl\debug\hellogl.tlog\link.4848-cvtres.write.1.tlog
c:\users\b019594l\onedrive - staffordshire university\foggs\opengl\hellogl\hellogl\debug\hellogl.tlog\link.4848-rc.read.1.tlog
c:\users\b019594l\onedrive - staffordshire university\foggs\opengl\hellogl\hellogl\debug\hellogl.tlog\link.4848-rc.write.1.tlog
c:\users\b019594l\onedrive - staffordshire university\foggs\opengl\hellogl\hellogl\debug\hellogl.tlog\link.4848.read.1.tlog
c:\users\b019594l\onedrive - staffordshire university\foggs\opengl\hellogl\hellogl\debug\hellogl.tlog\link.4848.write.1.tlog
c:\users\b019594l\onedrive - staffordshire university\foggs\opengl\hellogl\hellogl\debug\hellogl.tlog\link.command.1.tlog
c:\users\b019594l\onedrive - staffordshire university\foggs\opengl\hellogl\hellogl\debug\hellogl.tlog\link.read.1.tlog
c:\users\b019594l\onedrive - staffordshire university\foggs\opengl\hellogl\hellogl\debug\hellogl.tlog\link.write.1.tlog
